<?xml version="1.0" encoding="UTF-8" ?>
<testsuite errors="0" failures="0" hostname="jestes-MacBook-Pro.local" name="WatchitControllerTests" tests="3" time="0.106" timestamp="2008-11-07T04:17:52">
  <properties />
  <testcase classname="WatchitControllerTests" name="testWhenGitInstalledIndexShouldRenderIndexView" time="0.028" />
  <testcase classname="WatchitControllerTests" name="testWhenGitNotInstalledIndexShouldRenderError" time="0.011" />
  <testcase classname="WatchitControllerTests" name="testWatchActionShouldAttemptToCloneWhenGivenGitUrl" time="0.013" />
  <system-out><![CDATA[--Output from testWhenGitInstalledIndexShouldRenderIndexView--
--Output from testWhenGitNotInstalledIndexShouldRenderError--
--Output from testWatchActionShouldAttemptToCloneWhenGivenGitUrl--
]]></system-out>
  <system-err><![CDATA[--Output from testWhenGitInstalledIndexShouldRenderIndexView--
--Output from testWhenGitNotInstalledIndexShouldRenderError--
--Output from testWatchActionShouldAttemptToCloneWhenGivenGitUrl--
]]></system-err>
</testsuite>
